Using pre-set license
Built from '2020.3/staging' branch; Version is '2020.3.0f1 (c7b5465681fb) revision 13088070'; Using compiler version '192528614'; Build Type 'Release'
OS: 'Windows 10 Home; OS build 19042.1165; Version 2009; 64bit' Language: 'he' Physical Memory: 8005 MB
BatchMode: 1, IsHumanControllingUs: 0, StartBugReporterOnCrash: 0, Is64bit: 1, IsPro: 0

 COMMAND LINE ARGUMENTS:
C:\Program Files\Unity\Hub\Editor\2020.3.0f1\Editor\Unity.exe
-adb2
-batchMode
-noUpm
-name
AssetImportWorker0
-projectPath
C:/Users/miste/OneDrive/Desktop/studies/cs courses/year b/XR VR/Project Git/vr42/Avatar VR
-logFile
Logs/AssetImportWorker0.log
-srvPort
52208
Successfully changed project path to: C:/Users/miste/OneDrive/Desktop/studies/cs courses/year b/XR VR/Project Git/vr42/Avatar VR
C:/Users/miste/OneDrive/Desktop/studies/cs courses/year b/XR VR/Project Git/vr42/Avatar VR
Using Asset Import Pipeline V2.
Refreshing native plugins compatible for Editor in 87.67 ms, found 4 plugins.
Preloading 1 native plugins for Editor in 1.15 ms.
Initialize engine version: 2020.3.0f1 (c7b5465681fb)
[Subsystems] Discovering subsystems at path C:/Program Files/Unity/Hub/Editor/2020.3.0f1/Editor/Data/Resources/UnitySubsystems
[Subsystems] Discovering subsystems at path C:/Users/miste/OneDrive/Desktop/studies/cs courses/year b/XR VR/Project Git/vr42/Avatar VR/Assets
GfxDevice: creating device client; threaded=0
Direct3D:
    Version:  Direct3D 11.0 [level 11.1]
    Renderer: NVIDIA GeForce GTX 1050 (ID=0x1c8d)
    Vendor:   
    VRAM:     4021 MB
    Driver:   27.21.14.6627
Shader 'Universal Render Pipeline/Particles/Lit': fallback shader 'Universal Render Pipeline/Particles/SimpleLit' not found
Shader 'Custom/AdditiveTintable': fallback shader 'Particles/Additive (Soft)' not found
Shader 'Oculus/OVRMRCameraFrameLit': fallback shader 'Alpha-Diffuse' not found
Initialize mono
Mono path[0] = 'C:/Program Files/Unity/Hub/Editor/2020.3.0f1/Editor/Data/Managed'
Mono path[1] = 'C:/Program Files/Unity/Hub/Editor/2020.3.0f1/Editor/Data/MonoBleedingEdge/lib/mono/unityjit'
Mono config path = 'C:/Program Files/Unity/Hub/Editor/2020.3.0f1/Editor/Data/MonoBleedingEdge/etc'
Using monoOptions --debugger-agent=transport=dt_socket,embedding=1,server=y,suspend=n,address=127.0.0.1:56952
Begin MonoManager ReloadAssembly
Registering precompiled unity dll's ...
Register platform support module: C:/Program Files/Unity/Hub/Editor/2020.3.0f1/Editor/Data/PlaybackEngines/WindowsStandaloneSupport/UnityEditor.WindowsStandalone.Extensions.dll
Registered in 0.002958 seconds.
Native extension for WindowsStandalone target not found
Refreshing native plugins compatible for Editor in 71.02 ms, found 4 plugins.
Preloading 1 native plugins for Editor in 0.10 ms.
Invoked RoslynAnalysisRunner static constructor.
RoslynAnalysisRunner will not be running.
RoslynAnalysisRunner has terminated.
Mono: successfully reloaded assembly
- Completed reload, in  2.397 seconds
Platform modules already initialized, skipping
Registering precompiled user dll's ...
Registered in 0.005211 seconds.
Begin MonoManager ReloadAssembly
Native extension for WindowsStandalone target not found
Refreshing native plugins compatible for Editor in 68.38 ms, found 4 plugins.
Preloading 1 native plugins for Editor in 0.10 ms.
Invoked RoslynAnalysisRunner static constructor.
RoslynAnalysisRunner will not be running.
RoslynAnalysisRunner has terminated.
[XR] OculusXRPlugin: registering subsystems
[XR] Unable to register display lifecyle provider: [1]
[XR] Oculus Input lifecycle provider registered.
[XR] Unable to register input lifecyle provider: [1]
NullReferenceException: Object reference not set to an instance of an object
  at Unity.XR.Oculus.OculusLoader.AssetPathToAbsolutePath (System.String assetPath) [0x00048] in C:\Users\miste\OneDrive\Desktop\studies\cs courses\year b\XR VR\Project Git\vr42\Avatar VR\Library\PackageCache\com.unity.xr.oculus@1.8.1\Runtime\OculusLoader.cs:243 
  at Unity.XR.Oculus.OculusLoader.EditorLoadOVRPlugin () [0x0007b] in C:\Users\miste\OneDrive\Desktop\studies\cs courses\year b\XR VR\Project Git\vr42\Avatar VR\Library\PackageCache\com.unity.xr.oculus@1.8.1\Runtime\OculusLoader.cs:228 

(Filename: Library/PackageCache/com.unity.xr.oculus@1.8.1/Runtime/OculusLoader.cs Line: 243)

Mono: successfully reloaded assembly
- Completed reload, in  1.348 seconds
Platform modules already initialized, skipping
========================================================================
Worker process is ready to serve import requests
Shader 'Oculus/OVRMRCameraFrameLit': fallback shader 'Alpha-Diffuse' not found
Shader 'Universal Render Pipeline/Particles/Lit': fallback shader 'Universal Render Pipeline/Particles/SimpleLit' not found
Shader 'Custom/AdditiveTintable': fallback shader 'Particles/Additive (Soft)' not found
Launched and connected shader compiler UnityShaderCompiler.exe after 0.07 seconds
Refreshing native plugins compatible for Editor in 0.87 ms, found 4 plugins.
Preloading 1 native plugins for Editor in 0.11 ms.
Unloading 3062 Unused Serialized files (Serialized files now loaded: 0)
System memory in use before: 169.8 MB.
System memory in use after: 170.0 MB.

Unloading 14 unused Assets to reduce memory usage. Loaded Objects now: 3565.
Total: 3.555900 ms (FindLiveObjects: 0.734200 ms CreateObjectMapping: 0.374900 ms MarkObjects: 2.413400 ms  DeleteObjects: 0.031600 ms)

========================================================================
Received Prepare
Registering precompiled user dll's ...
Registered in 0.004650 seconds.
Begin MonoManager ReloadAssembly
Native extension for WindowsStandalone target not found
Refreshing native plugins compatible for Editor in 1.14 ms, found 4 plugins.
Preloading 1 native plugins for Editor in 0.12 ms.
Invoked RoslynAnalysisRunner static constructor.
RoslynAnalysisRunner will not be running.
RoslynAnalysisRunner has terminated.
NullReferenceException: Object reference not set to an instance of an object
  at Unity.XR.Oculus.OculusLoader.AssetPathToAbsolutePath (System.String assetPath) [0x00048] in C:\Users\miste\OneDrive\Desktop\studies\cs courses\year b\XR VR\Project Git\vr42\Avatar VR\Library\PackageCache\com.unity.xr.oculus@1.8.1\Runtime\OculusLoader.cs:243 
  at Unity.XR.Oculus.OculusLoader.EditorLoadOVRPlugin () [0x0007b] in C:\Users\miste\OneDrive\Desktop\studies\cs courses\year b\XR VR\Project Git\vr42\Avatar VR\Library\PackageCache\com.unity.xr.oculus@1.8.1\Runtime\OculusLoader.cs:228 

(Filename: Library/PackageCache/com.unity.xr.oculus@1.8.1/Runtime/OculusLoader.cs Line: 243)

Mono: successfully reloaded assembly
- Completed reload, in  1.113 seconds
Platform modules already initialized, skipping
Switching build target platform(5) subTarget(0) extendedPlatform(0) -> platform(13) subTarget(524288) extendedPlatform(0)
Shader 'Oculus/OVRMRCameraFrameLit': fallback shader 'Alpha-Diffuse' not found
Shader 'Universal Render Pipeline/Particles/Lit': fallback shader 'Universal Render Pipeline/Particles/SimpleLit' not found
Shader 'Custom/AdditiveTintable': fallback shader 'Particles/Additive (Soft)' not found
Refreshing native plugins compatible for Editor in 0.72 ms, found 4 plugins.
Preloading 1 native plugins for Editor in 0.11 ms.
Unloading 2955 Unused Serialized files (Serialized files now loaded: 0)
System memory in use before: 159.2 MB.
System memory in use after: 159.4 MB.

Unloading 11 unused Assets to reduce memory usage. Loaded Objects now: 3565.
Total: 3.309500 ms (FindLiveObjects: 0.899700 ms CreateObjectMapping: 0.329200 ms MarkObjects: 2.057300 ms  DeleteObjects: 0.022300 ms)

AssetImportParameters requested are different than current active one (requested -> active):
  custom:graphics/normal-map-encoding: 01000000000000000000000000000000 -> 02000000000000000000000000000000
========================================================================
Received Import Request.
  path: Assets/Scenes/Credits.unity
  artifactKey: Guid(8f9512e05113a0f4f8ba115dd2f43d2e) Importer(815301076,1909f56bfc062723c751e8b465ee728b)
Start importing Assets/Scenes/Credits.unity using Guid(8f9512e05113a0f4f8ba115dd2f43d2e) Importer(815301076,1909f56bfc062723c751e8b465ee728b)  -> (artifact id: 'c2ffd0238ddb7cb32dad3b6be8f037ec') in 0.024455 seconds
  Import took 0.034454 seconds .

========================================================================
Received Import Request.
  Time since last request: 59.661777 seconds.
  path: Assets/UltraMare/The Best Flag and Banner System/Textures/_Symbols
  artifactKey: Guid(6585e0e0eb1013b4f9f2d70040208485) Importer(815301076,1909f56bfc062723c751e8b465ee728b)
Start importing Assets/UltraMare/The Best Flag and Banner System/Textures/_Symbols using Guid(6585e0e0eb1013b4f9f2d70040208485) Importer(815301076,1909f56bfc062723c751e8b465ee728b)  -> (artifact id: '438d9f18ad096486ff3a2f45b85099fd') in 0.011819 seconds
  Import took 0.018801 seconds .

========================================================================
Received Prepare
Registering precompiled user dll's ...
Registered in 0.010644 seconds.
Begin MonoManager ReloadAssembly
Native extension for WindowsStandalone target not found
Refreshing native plugins compatible for Editor in 0.73 ms, found 4 plugins.
Preloading 1 native plugins for Editor in 0.25 ms.
Invoked RoslynAnalysisRunner static constructor.
RoslynAnalysisRunner will not be running.
RoslynAnalysisRunner has terminated.
NullReferenceException: Object reference not set to an instance of an object
  at Unity.XR.Oculus.OculusLoader.AssetPathToAbsolutePath (System.String assetPath) [0x00048] in C:\Users\miste\OneDrive\Desktop\studies\cs courses\year b\XR VR\Project Git\vr42\Avatar VR\Library\PackageCache\com.unity.xr.oculus@1.8.1\Runtime\OculusLoader.cs:243 
  at Unity.XR.Oculus.OculusLoader.EditorLoadOVRPlugin () [0x0007b] in C:\Users\miste\OneDrive\Desktop\studies\cs courses\year b\XR VR\Project Git\vr42\Avatar VR\Library\PackageCache\com.unity.xr.oculus@1.8.1\Runtime\OculusLoader.cs:228 

(Filename: Library/PackageCache/com.unity.xr.oculus@1.8.1/Runtime/OculusLoader.cs Line: 243)

Mono: successfully reloaded assembly
- Completed reload, in  1.012 seconds
Platform modules already initialized, skipping
Switching build target platform(5) subTarget(0) extendedPlatform(0) -> platform(13) subTarget(524288) extendedPlatform(0)
Shader 'Oculus/OVRMRCameraFrameLit': fallback shader 'Alpha-Diffuse' not found
Shader 'Universal Render Pipeline/Particles/Lit': fallback shader 'Universal Render Pipeline/Particles/SimpleLit' not found
Shader 'Custom/AdditiveTintable': fallback shader 'Particles/Additive (Soft)' not found
Refreshing native plugins compatible for Editor in 1.10 ms, found 4 plugins.
Preloading 1 native plugins for Editor in 0.16 ms.
Unloading 2955 Unused Serialized files (Serialized files now loaded: 0)
System memory in use before: 159.3 MB.
System memory in use after: 159.5 MB.

Unloading 7 unused Assets to reduce memory usage. Loaded Objects now: 3569.
Total: 2.993800 ms (FindLiveObjects: 0.341400 ms CreateObjectMapping: 0.147500 ms MarkObjects: 2.488200 ms  DeleteObjects: 0.015500 ms)

AssetImportParameters requested are different than current active one (requested -> active):
  custom:graphics/normal-map-encoding: 01000000000000000000000000000000 -> 02000000000000000000000000000000
========================================================================
Received Prepare
Registering precompiled user dll's ...
Registered in 0.004889 seconds.
Begin MonoManager ReloadAssembly
Native extension for WindowsStandalone target not found
Refreshing native plugins compatible for Editor in 1.42 ms, found 4 plugins.
Preloading 1 native plugins for Editor in 0.24 ms.
Invoked RoslynAnalysisRunner static constructor.
RoslynAnalysisRunner will not be running.
RoslynAnalysisRunner has terminated.
NullReferenceException: Object reference not set to an instance of an object
  at Unity.XR.Oculus.OculusLoader.AssetPathToAbsolutePath (System.String assetPath) [0x00048] in C:\Users\miste\OneDrive\Desktop\studies\cs courses\year b\XR VR\Project Git\vr42\Avatar VR\Library\PackageCache\com.unity.xr.oculus@1.8.1\Runtime\OculusLoader.cs:243 
  at Unity.XR.Oculus.OculusLoader.EditorLoadOVRPlugin () [0x0007b] in C:\Users\miste\OneDrive\Desktop\studies\cs courses\year b\XR VR\Project Git\vr42\Avatar VR\Library\PackageCache\com.unity.xr.oculus@1.8.1\Runtime\OculusLoader.cs:228 

(Filename: Library/PackageCache/com.unity.xr.oculus@1.8.1/Runtime/OculusLoader.cs Line: 243)

Mono: successfully reloaded assembly
- Completed reload, in  1.072 seconds
Platform modules already initialized, skipping
Switching build target platform(5) subTarget(0) extendedPlatform(0) -> platform(13) subTarget(524288) extendedPlatform(0)
Shader 'Oculus/OVRMRCameraFrameLit': fallback shader 'Alpha-Diffuse' not found
Shader 'Universal Render Pipeline/Particles/Lit': fallback shader 'Universal Render Pipeline/Particles/SimpleLit' not found
Shader 'Custom/AdditiveTintable': fallback shader 'Particles/Additive (Soft)' not found
Refreshing native plugins compatible for Editor in 0.77 ms, found 4 plugins.
Preloading 1 native plugins for Editor in 0.09 ms.
Unloading 2955 Unused Serialized files (Serialized files now loaded: 0)
System memory in use before: 159.3 MB.
System memory in use after: 159.6 MB.

Unloading 7 unused Assets to reduce memory usage. Loaded Objects now: 3573.
Total: 3.942900 ms (FindLiveObjects: 0.585000 ms CreateObjectMapping: 0.249900 ms MarkObjects: 3.072800 ms  DeleteObjects: 0.032600 ms)

AssetImportParameters requested are different than current active one (requested -> active):
  custom:graphics/normal-map-encoding: 01000000000000000000000000000000 -> 02000000000000000000000000000000
========================================================================
Received Import Request.
  Time since last request: 254.936274 seconds.
  path: Assets/Resources/OVRBuildConfig.asset
  artifactKey: Guid(9b582b87cfe896e43a5ab61f1e46fb31) Importer(815301076,1909f56bfc062723c751e8b465ee728b)
Start importing Assets/Resources/OVRBuildConfig.asset using Guid(9b582b87cfe896e43a5ab61f1e46fb31) Importer(815301076,1909f56bfc062723c751e8b465ee728b)  -> (artifact id: '6fd82dbf7454f1b6116aec6face1ea63') in 0.066128 seconds
  Import took 0.073124 seconds .

========================================================================
Received Import Request.
  Time since last request: 1.580414 seconds.
  path: Assets/PyroParticles/Readme.txt
  artifactKey: Guid(19d985791f809cd4cb7d99e9e7f62f16) Importer(815301076,1909f56bfc062723c751e8b465ee728b)
Start importing Assets/PyroParticles/Readme.txt using Guid(19d985791f809cd4cb7d99e9e7f62f16) Importer(815301076,1909f56bfc062723c751e8b465ee728b)  -> (artifact id: '11b6c43f42aaa860539a962c6b54dcc1') in 0.012930 seconds
  Import took 0.019295 seconds .

========================================================================
Received Import Request.
  Time since last request: 0.001047 seconds.
  path: Assets/PyroParticles/Readme.txt
  artifactKey: Guid(19d985791f809cd4cb7d99e9e7f62f16) Importer(815301076,1909f56bfc062723c751e8b465ee728b)
Start importing Assets/PyroParticles/Readme.txt using Guid(19d985791f809cd4cb7d99e9e7f62f16) Importer(815301076,1909f56bfc062723c751e8b465ee728b)  -> (artifact id: '11b6c43f42aaa860539a962c6b54dcc1') in 0.003277 seconds
  Import took 0.010070 seconds .

========================================================================
Received Import Request.
  Time since last request: 21.285672 seconds.
  path: Assets/PyroParticles/Prefab/Prefab/Flamethrower.prefab
  artifactKey: Guid(50daa816369323b42b56093bb108296f) Importer(815301076,1909f56bfc062723c751e8b465ee728b)
Start importing Assets/PyroParticles/Prefab/Prefab/Flamethrower.prefab using Guid(50daa816369323b42b56093bb108296f) Importer(815301076,1909f56bfc062723c751e8b465ee728b)  -> (artifact id: '2b8fbc8780f35c50a286ae9bac4681a6') in 0.026541 seconds
  Import took 0.033318 seconds .

========================================================================
Received Prepare
Registering precompiled user dll's ...
Registered in 0.004090 seconds.
Begin MonoManager ReloadAssembly
Native extension for WindowsStandalone target not found
Refreshing native plugins compatible for Editor in 1.00 ms, found 4 plugins.
Preloading 1 native plugins for Editor in 0.15 ms.
Invoked RoslynAnalysisRunner static constructor.
RoslynAnalysisRunner will not be running.
RoslynAnalysisRunner has terminated.
NullReferenceException: Object reference not set to an instance of an object
  at Unity.XR.Oculus.OculusLoader.AssetPathToAbsolutePath (System.String assetPath) [0x00048] in C:\Users\miste\OneDrive\Desktop\studies\cs courses\year b\XR VR\Project Git\vr42\Avatar VR\Library\PackageCache\com.unity.xr.oculus@1.8.1\Runtime\OculusLoader.cs:243 
  at Unity.XR.Oculus.OculusLoader.EditorLoadOVRPlugin () [0x0007b] in C:\Users\miste\OneDrive\Desktop\studies\cs courses\year b\XR VR\Project Git\vr42\Avatar VR\Library\PackageCache\com.unity.xr.oculus@1.8.1\Runtime\OculusLoader.cs:228 

(Filename: Library/PackageCache/com.unity.xr.oculus@1.8.1/Runtime/OculusLoader.cs Line: 243)

Mono: successfully reloaded assembly
- Completed reload, in  1.059 seconds
Platform modules already initialized, skipping
Switching build target platform(5) subTarget(0) extendedPlatform(0) -> platform(13) subTarget(524288) extendedPlatform(0)
Shader 'Oculus/OVRMRCameraFrameLit': fallback shader 'Alpha-Diffuse' not found
Shader 'Universal Render Pipeline/Particles/Lit': fallback shader 'Universal Render Pipeline/Particles/SimpleLit' not found
Shader 'Custom/AdditiveTintable': fallback shader 'Particles/Additive (Soft)' not found
Refreshing native plugins compatible for Editor in 1.05 ms, found 4 plugins.
Preloading 1 native plugins for Editor in 0.10 ms.
Unloading 2955 Unused Serialized files (Serialized files now loaded: 0)
System memory in use before: 159.4 MB.
System memory in use after: 159.6 MB.

Unloading 7 unused Assets to reduce memory usage. Loaded Objects now: 3577.
Total: 3.879800 ms (FindLiveObjects: 0.911700 ms CreateObjectMapping: 0.386600 ms MarkObjects: 2.556700 ms  DeleteObjects: 0.022500 ms)

AssetImportParameters requested are different than current active one (requested -> active):
  custom:graphics/normal-map-encoding: 01000000000000000000000000000000 -> 02000000000000000000000000000000
========================================================================
Received Import Request.
  Time since last request: 183.505119 seconds.
  path: Packages/com.unity.render-pipelines.core/package.json
  artifactKey: Guid(753d1ac2429a21a44ac5f937cbbb409f) Importer(815301076,1909f56bfc062723c751e8b465ee728b)
Start importing Packages/com.unity.render-pipelines.core/package.json using Guid(753d1ac2429a21a44ac5f937cbbb409f) Importer(815301076,1909f56bfc062723c751e8b465ee728b)  -> (artifact id: '76578ccaf63572aca7aa0ab72538b758') in 0.018190 seconds
  Import took 0.025681 seconds .

========================================================================
Received Import Request.
  Time since last request: 0.430504 seconds.
  path: Packages/com.unity.inputsystem/package.json
  artifactKey: Guid(f0e14ea80f96b445f97b1c83650d5733) Importer(815301076,1909f56bfc062723c751e8b465ee728b)
Start importing Packages/com.unity.inputsystem/package.json using Guid(f0e14ea80f96b445f97b1c83650d5733) Importer(815301076,1909f56bfc062723c751e8b465ee728b)  -> (artifact id: '436572897f44962b5794ec9331cfaf3e') in 0.005021 seconds
  Import took 0.010254 seconds .

========================================================================
Received Import Request.
  Time since last request: 0.309538 seconds.
  path: Packages/com.unity.ide.rider/package.json
  artifactKey: Guid(66c95bb3c74257f41bae2622511dc02d) Importer(815301076,1909f56bfc062723c751e8b465ee728b)
Start importing Packages/com.unity.ide.rider/package.json using Guid(66c95bb3c74257f41bae2622511dc02d) Importer(815301076,1909f56bfc062723c751e8b465ee728b)  -> (artifact id: '183bb93f7f5f18e29ef0b4b522e09650') in 0.014245 seconds
  Import took 0.021088 seconds .

========================================================================
Received Import Request.
  Time since last request: 133.141997 seconds.
  path: Assets/Scenes/opening scene.unity
  artifactKey: Guid(9fc0d4010bbf28b4594072e72b8655ab) Importer(815301076,1909f56bfc062723c751e8b465ee728b)
Start importing Assets/Scenes/opening scene.unity using Guid(9fc0d4010bbf28b4594072e72b8655ab) Importer(815301076,1909f56bfc062723c751e8b465ee728b)  -> (artifact id: 'a0532b3dfb1def6b1e885496b337eb4c') in 0.003270 seconds
  Import took 0.058808 seconds .

========================================================================
Received Import Request.
  Time since last request: 45.324805 seconds.
  path: Assets/Scenes/Temple Scene.unity
  artifactKey: Guid(c910a8f0b64b0964cbba44605442469c) Importer(815301076,1909f56bfc062723c751e8b465ee728b)
Start importing Assets/Scenes/Temple Scene.unity using Guid(c910a8f0b64b0964cbba44605442469c) Importer(815301076,1909f56bfc062723c751e8b465ee728b)  -> (artifact id: '06587beb5b7cf506a3838661a15becbd') in 0.002603 seconds
  Import took 0.021349 seconds .

AssetImportWorkerClient::OnTransportError - code=2 error=End of file
